  IK.cpp
c:\program files (x86)\windows kits\10\include\10.0.16299.0\ucrt\corecrt_math_defines.h(22): warning C4005: 'M_PI': macro redefinition
  c:\users\zohar\desktop\archilab\vgp\ik_fabric_method_with_skinning\ikforclass1\engine3d\eulerangles.h(4): note: see previous definition of 'M_PI'
c:\users\zohar\desktop\archilab\vgp\ik_fabric_method_with_skinning\ikforclass1\ik\ik.cpp(12): warning C4018: '<': signed/unsigned mismatch
c:\users\zohar\desktop\archilab\vgp\ik_fabric_method_with_skinning\ikforclass1\ik\ik.cpp(55): warning C4244: 'argument': conversion from 'const int' to 'float', possible loss of data
c:\users\zohar\desktop\archilab\vgp\ik_fabric_method_with_skinning\ikforclass1\ik\ik.cpp(60): warning C4244: 'argument': conversion from 'const int' to 'float', possible loss of data
c:\users\zohar\desktop\archilab\vgp\ik_fabric_method_with_skinning\ikforclass1\ik\ik.cpp(66): warning C4244: 'argument': conversion from 'const int' to 'float', possible loss of data
c:\users\zohar\desktop\archilab\vgp\ik_fabric_method_with_skinning\ikforclass1\ik\ik.cpp(138): warning C4101: 'theta': unreferenced local variable
c:\users\zohar\desktop\archilab\vgp\ik_fabric_method_with_skinning\ikforclass1\ik\ik.cpp(138): warning C4101: 'sinTheta': unreferenced local variable
c:\users\zohar\desktop\archilab\vgp\ik_fabric_method_with_skinning\ikforclass1\ik\ik.cpp(138): warning C4101: 'cosPhi': unreferenced local variable
c:\users\zohar\desktop\archilab\vgp\ik_fabric_method_with_skinning\ikforclass1\ik\ik.cpp(138): warning C4101: 'phi': unreferenced local variable
c:\users\zohar\desktop\archilab\vgp\ik_fabric_method_with_skinning\ikforclass1\ik\ik.cpp(138): warning C4101: 'sinPhi': unreferenced local variable
c:\users\zohar\desktop\archilab\vgp\ik_fabric_method_with_skinning\ikforclass1\ik\ik.cpp(138): warning C4101: 'cosTheta': unreferenced local variable
c:\users\zohar\desktop\archilab\vgp\ik_fabric_method_with_skinning\ikforclass1\ik\ik.cpp(146): warning C4101: 'gamma': unreferenced local variable
c:\users\zohar\desktop\archilab\vgp\ik_fabric_method_with_skinning\ikforclass1\ik\ik.cpp(146): warning C4101: 'r': unreferenced local variable
  main.cpp
c:\users\zohar\desktop\archilab\vgp\ik_fabric_method_with_skinning\ikforclass1\display\inputmanager.h(147): warning C4244: 'argument': conversion from 'const float' to 'int', possible loss of data
c:\program files (x86)\windows kits\10\include\10.0.16299.0\shared\minwindef.h(130): warning C4005: 'APIENTRY': macro redefinition
  c:\users\zohar\desktop\archilab\vgp\ik_fabric_method_with_skinning\ikforclass1\ik\res\includes\glfw\glfw3.h(98): note: see previous definition of 'APIENTRY'
  Generating Code...
LINK : warning LNK4098: defaultlib 'MSVCRT' conflicts with use of other libs; use /NODEFAULTLIB:library
MSVCRTD.lib(initializers.obj) : warning LNK4098: defaultlib 'libcmt.lib' conflicts with use of other libs; use /NODEFAULTLIB:library
glew32s.lib(glew.obj) : warning LNK4099: PDB 'vc100.pdb' was not found with 'glew32s.lib(glew.obj)' or at 'C:\Users\zohar\Desktop\archilab\vgp\IK_FABRIC_Method_With_Skinning\IKforClass1\Debug\vc100.pdb'; linking object as if no debug info
  IK.vcxproj -> C:\Users\zohar\Desktop\archilab\vgp\IK_FABRIC_Method_With_Skinning\IKforClass1\Debug\IK.exe
