C:\USERS\TAMIR\DOCUMENTS\VISUAL STUDIO 2012\PROJECTS\IK\ENGINE3D\DEBUG\EULERANGLES.OBJ
C:\USERS\TAMIR\DOCUMENTS\VISUAL STUDIO 2012\PROJECTS\IK\ENGINE3D\DEBUG\LINEMESH.OBJ
C:\USERS\TAMIR\DOCUMENTS\VISUAL STUDIO 2012\PROJECTS\IK\ENGINE3D\DEBUG\MESH.OBJ
C:\USERS\TAMIR\DOCUMENTS\VISUAL STUDIO 2012\PROJECTS\IK\ENGINE3D\DEBUG\MOVABLEGLM.OBJ
C:\USERS\TAMIR\DOCUMENTS\VISUAL STUDIO 2012\PROJECTS\IK\ENGINE3D\DEBUG\OBJ_LOADER.OBJ
C:\USERS\TAMIR\DOCUMENTS\VISUAL STUDIO 2012\PROJECTS\IK\ENGINE3D\DEBUG\SCENE.OBJ
C:\USERS\TAMIR\DOCUMENTS\VISUAL STUDIO 2012\PROJECTS\IK\ENGINE3D\DEBUG\SHADER.OBJ
C:\USERS\TAMIR\DOCUMENTS\VISUAL STUDIO 2012\PROJECTS\IK\ENGINE3D\DEBUG\SHAPE.OBJ
C:\USERS\TAMIR\DOCUMENTS\VISUAL STUDIO 2012\PROJECTS\IK\ENGINE3D\DEBUG\TEXTURE.OBJ
C:\USERS\TAMIR\DOCUMENTS\VISUAL STUDIO 2012\PROJECTS\IK\ENGINE3D\DEBUG\VC110.PDB
C:\USERS\TAMIR\DOCUMENTS\VISUAL STUDIO 2012\PROJECTS\IK\ENGINE3D\DEBUG\STB_IMAGE.OBJ
C:\USERS\TAMIR\DOCUMENTS\VISUAL STUDIO 2012\PROJECTS\IKFORCLASS\ENGINE3D\DEBUG\EULERANGLES.OBJ
C:\USERS\TAMIR\DOCUMENTS\VISUAL STUDIO 2012\PROJECTS\IKFORCLASS\ENGINE3D\DEBUG\LINEMESH.OBJ
C:\USERS\TAMIR\DOCUMENTS\VISUAL STUDIO 2012\PROJECTS\IKFORCLASS\ENGINE3D\DEBUG\MESH.OBJ
C:\USERS\TAMIR\DOCUMENTS\VISUAL STUDIO 2012\PROJECTS\IKFORCLASS\ENGINE3D\DEBUG\MOVABLEGLM.OBJ
C:\USERS\TAMIR\DOCUMENTS\VISUAL STUDIO 2012\PROJECTS\IKFORCLASS\ENGINE3D\DEBUG\OBJ_LOADER.OBJ
C:\USERS\TAMIR\DOCUMENTS\VISUAL STUDIO 2012\PROJECTS\IKFORCLASS\ENGINE3D\DEBUG\SCENE.OBJ
C:\USERS\TAMIR\DOCUMENTS\VISUAL STUDIO 2012\PROJECTS\IKFORCLASS\ENGINE3D\DEBUG\SHADER.OBJ
C:\USERS\TAMIR\DOCUMENTS\VISUAL STUDIO 2012\PROJECTS\IKFORCLASS\ENGINE3D\DEBUG\SHAPE.OBJ
C:\USERS\TAMIR\DOCUMENTS\VISUAL STUDIO 2012\PROJECTS\IKFORCLASS\ENGINE3D\DEBUG\TEXTURE.OBJ
C:\USERS\TAMIR\DOCUMENTS\VISUAL STUDIO 2012\PROJECTS\IKFORCLASS\ENGINE3D\DEBUG\VC110.PDB
C:\USERS\TAMIR\DOCUMENTS\VISUAL STUDIO 2012\PROJECTS\IKFORCLASS\ENGINE3D\DEBUG\STB_IMAGE.OBJ
C:\USERS\TAMIR\DOCUMENTS\VISUAL STUDIO 2012\PROJECTS\IKFORCLASS\ENGINE3D\DEBUG\CURVES.OBJ
C:\USERS\TAMIR\DOCUMENTS\VISUAL STUDIO 2012\PROJECTS\IKFORCLASS1\ENGINE3D\DEBUG\CURVES.OBJ
C:\USERS\TAMIR\DOCUMENTS\VISUAL STUDIO 2012\PROJECTS\IKFORCLASS1\ENGINE3D\DEBUG\EULERANGLES.OBJ
C:\USERS\TAMIR\DOCUMENTS\VISUAL STUDIO 2012\PROJECTS\IKFORCLASS1\ENGINE3D\DEBUG\LINEMESH.OBJ
C:\USERS\TAMIR\DOCUMENTS\VISUAL STUDIO 2012\PROJECTS\IKFORCLASS1\ENGINE3D\DEBUG\MESH.OBJ
C:\USERS\TAMIR\DOCUMENTS\VISUAL STUDIO 2012\PROJECTS\IKFORCLASS1\ENGINE3D\DEBUG\MOVABLEGLM.OBJ
C:\USERS\TAMIR\DOCUMENTS\VISUAL STUDIO 2012\PROJECTS\IKFORCLASS1\ENGINE3D\DEBUG\OBJ_LOADER.OBJ
C:\USERS\TAMIR\DOCUMENTS\VISUAL STUDIO 2012\PROJECTS\IKFORCLASS1\ENGINE3D\DEBUG\SCENE.OBJ
C:\USERS\TAMIR\DOCUMENTS\VISUAL STUDIO 2012\PROJECTS\IKFORCLASS1\ENGINE3D\DEBUG\SHADER.OBJ
C:\USERS\TAMIR\DOCUMENTS\VISUAL STUDIO 2012\PROJECTS\IKFORCLASS1\ENGINE3D\DEBUG\SHAPE.OBJ
C:\USERS\TAMIR\DOCUMENTS\VISUAL STUDIO 2012\PROJECTS\IKFORCLASS1\ENGINE3D\DEBUG\TEXTURE.OBJ
C:\USERS\TAMIR\DOCUMENTS\VISUAL STUDIO 2012\PROJECTS\IKFORCLASS1\ENGINE3D\DEBUG\VC110.PDB
C:\USERS\TAMIR\DOCUMENTS\VISUAL STUDIO 2012\PROJECTS\IKFORCLASS1\ENGINE3D\DEBUG\STB_IMAGE.OBJ
C:\USERS\TAMIR\DOCUMENTS\VISUAL STUDIO 2012\PROJECTS\IK\DEBUG\ENGINE3D.LIB
C:\USERS\TAMIR\DOCUMENTS\VISUAL STUDIO 2012\PROJECTS\IKFORCLASS\DEBUG\ENGINE3D.LIB
C:\USERS\TAMIR\DOCUMENTS\VISUAL STUDIO 2012\PROJECTS\IKFORCLASS1\DEBUG\ENGINE3D.LIB
C:\Users\tamir\Documents\Visual Studio 2012\Projects\IKforClass1\engine3D\Debug\curves.obj
C:\Users\tamir\Documents\Visual Studio 2012\Projects\IKforClass1\engine3D\Debug\EulerAngles.obj
C:\Users\tamir\Documents\Visual Studio 2012\Projects\IKforClass1\engine3D\Debug\lineMesh.obj
C:\Users\tamir\Documents\Visual Studio 2012\Projects\IKforClass1\engine3D\Debug\mesh.obj
C:\Users\tamir\Documents\Visual Studio 2012\Projects\IKforClass1\engine3D\Debug\MovableGLM.obj
C:\Users\tamir\Documents\Visual Studio 2012\Projects\IKforClass1\engine3D\Debug\obj_loader.obj
C:\Users\tamir\Documents\Visual Studio 2012\Projects\IKforClass1\engine3D\Debug\scene.obj
C:\Users\tamir\Documents\Visual Studio 2012\Projects\IKforClass1\engine3D\Debug\shader.obj
C:\Users\tamir\Documents\Visual Studio 2012\Projects\IKforClass1\engine3D\Debug\shape.obj
C:\Users\tamir\Documents\Visual Studio 2012\Projects\IKforClass1\engine3D\Debug\stb_image.obj
C:\Users\tamir\Documents\Visual Studio 2012\Projects\IKforClass1\engine3D\Debug\texture.obj
C:\Users\tamir\Documents\Visual Studio 2012\Projects\IKforClass1\engine3D\Debug\cl.command.1.tlog
C:\Users\tamir\Documents\Visual Studio 2012\Projects\IKforClass1\engine3D\Debug\CL.read.1.tlog
C:\Users\tamir\Documents\Visual Studio 2012\Projects\IKforClass1\engine3D\Debug\CL.write.1.tlog
C:\Users\tamir\Documents\Visual Studio 2012\Projects\IKforClass1\engine3D\Debug\Lib-link.read.1.tlog
C:\Users\tamir\Documents\Visual Studio 2012\Projects\IKforClass1\engine3D\Debug\Lib-link.write.1.tlog
C:\Users\tamir\Documents\Visual Studio 2012\Projects\IKforClass1\engine3D\Debug\lib.command.1.tlog
C:\Users\tamir\Documents\Visual Studio 2012\Projects\IKforClass1\engine3D\Debug\vc110.idb
C:\Users\tamir\Documents\Visual Studio 2012\Projects\IKforClass1\engine3D\Debug\vc110.pdb
C:\Users\tamir\Documents\Visual Studio 2012\Projects\IKforClass1\Debug\engine3D.lib
